make all --print-data-base --no-builtin-variables --no-builtin-rules --question
# GNU Make 3.81
# Copyright (C) 2006  Free Software Foundation, Inc.
# This is free software; see the source for copying conditions.
# There is NO warranty; not even for MERCHANTABILITY or FITNESS FOR A
# PARTICULAR PURPOSE.

# This program built for i386-apple-darwin11.3.0
 

# Make data base, printed on Sun Feb  6 14:15:04 2022

# Variables

# automatic
<D = $(patsubst %/,%,$(dir $<))
# automatic
?F = $(notdir $?)
# environment
ELECTRON_NO_ATTACH_CONSOLE = 1
# environment
VSCODE_LOG_NATIVE = false
# automatic
?D = $(patsubst %/,%,$(dir $?))
# automatic
@D = $(patsubst %/,%,$(dir $@))
# automatic
@F = $(notdir $@)
# makefile
CURDIR := /Users/ajaidi/Documents/so_long
# makefile
SHELL = /bin/sh
# environment
VSCODE_NLS_CONFIG = {"locale":"en-us","availableLanguages":{},"_languagePackSupport":true}
# environment
_ = /usr/bin/make
# makefile (from `Makefile', line 1)
MAKEFILE_LIST :=  Makefile
# makefile (from `Makefile', line 35)
B_OBJ = $(B_SRCS:.c=.o)
# environment
VSCODE_VERBOSE_LOGGING = true
# environment
P9K_SSH = 0
# environment
VSCODE_IPC_HOOK_EXTHOST = /var/folders/zz/zyxvpxvq6csfxvn_n000cczh00337w/T/vscode-ipc-33295a59-043a-4a9c-933b-597e526f959a.sock
# environment
VSCODE_CWD = /Users/ajaidi/Documents/so_long
# environment
Apple_PubSub_Socket_Render = /private/tmp/com.apple.launchd.o7c0FO4cXn/Render
# environment
PATH = /Users/ajaidi/goinfre/.brew/bin:/usr/local/bin:/usr/bin:/bin:/usr/sbin:/sbin:/usr/local/munki:/Users/ajaidi/Downloads/nvim-osx64/bin:/Users/ajaidi/.fig/bin
# environment
LSCOLORS = Gxfxcxdxbxegedabagacad
# environment
FIG_CHECKED_PROMPTS = 1
# makefile (from `Makefile', line 6)
M_SRCS = so_long.c moving/moving_utils.c moving/moving.c parsing/add_line.c parsing/check_line.c parsing/check_name.c parsing/get_next_line.c parsing/get_next_line_utils.c parsing/parser.c rendering/put_img.c rendering/render.c so_long_utils.c
# environment
VSCODE_LOG_STACK = false
# environment
ELECTRON_RUN_AS_NODE = 1
# default
.FEATURES := target-specific order-only second-expansion else-if archives jobserver check-symlink
# environment
SSH_AUTH_SOCK = /private/tmp/com.apple.launchd.pHKfJPzyqg/Listeners
# automatic
%F = $(notdir $%)
# environment
TTY = /dev/ttys002
# environment
FIG_ENV_VAR = 1
# environment
VSCODE_PIPE_LOGGING = true
# environment
PWD = /Users/ajaidi/Documents/so_long
# environment
ORIGINAL_XDG_CURRENT_DESKTOP = undefined
# makefile (from `Makefile', line 2)
B_NAME = so_long_bonus
# environment
VSCODE_AMD_ENTRYPOINT = vs/workbench/services/extensions/node/extensionHostProcess
# environment
HOME = /Users/ajaidi
# default
MAKEFILEPATH = $(shell /usr/bin/xcode-select -print-path 2>/dev/null || echo /Developer)/Makefiles
# environment
VSCODE_CLI = 1
# environment
VSCODE_CODE_CACHE_PATH = /Users/ajaidi/Library/Application Support/Code/CachedData/ccbaa2d27e38e5afa3e5c21c1c7bef4657064247
# environment
LOGNAME = ajaidi
# environment
APPLICATION_INSIGHTS_NO_DIAGNOSTIC_CHANNEL = true
# makefile (from `Makefile', line 33)
M_OBJ = $(M_SRCS:.c=.o)
# environment
ZSH = /Users/ajaidi/.oh-my-zsh
# environment
VSCODE_HANDLES_UNCAUGHT_ERRORS = true
# automatic
^D = $(patsubst %/,%,$(dir $^))
# environment
XPC_FLAGS = 0x0
# environment
COLORTERM = truecolor
# default
MAKE = $(MAKE_COMMAND)
# environment
LC_TERMINAL = iTerm2
# environment
SHLVL = 3
# environment
FIG_TERM = 1
# makefile (from `Makefile', line 4)
CC = cc
# default
MAKE_VERSION := 3.81
# environment
USER = ajaidi
# environment
FIG_TERM_VERSION = 3
# default
MAKECMDGOALS := all
# environment
TERM_SESSION_ID = w0t0p0:8226C8B4-F2E0-407F-AED6-88BAD7A0599B
# makefile (from `Makefile', line 1)
NAME = so_long
# environment
LESS = -R
# automatic
%D = $(patsubst %/,%,$(dir $%))
# environment
FIG_INTEGRATION_VERSION = 5
# default
MAKE_COMMAND := /Library/Developer/CommandLineTools/usr/bin/make
# environment
TERM_PROGRAM = iTerm.app
# default
.VARIABLES := 
# environment
TMPDIR = /var/folders/zz/zyxvpxvq6csfxvn_n000cczh00337w/T/
# automatic
*F = $(notdir $*)
# environment
VSCODE_IPC_HOOK = /Users/ajaidi/Library/Application Support/Code/1.62.3-main.sock
# makefile
MAKEFLAGS = Rrqp
# environment
MFLAGS = -Rrqp
# automatic
*D = $(patsubst %/,%,$(dir $*))
# environment
TERM_PROGRAM_VERSION = 3.4.13
# makefile (from `Makefile', line 3)
BONUS_NAME = so_long_bonus
# environment
XPC_SERVICE_NAME = 0
# environment
LC_TERMINAL_VERSION = 3.4.13
# automatic
+D = $(patsubst %/,%,$(dir $+))
# automatic
+F = $(notdir $+)
# environment
ITERM_SESSION_ID = w0t0p0:8226C8B4-F2E0-407F-AED6-88BAD7A0599B
# environment
COLORFGBG = 7;0
# environment
__CF_USER_TEXT_ENCODING = 0x18CFC:0x0:0x0
# default
MAKEFILES := 
# environment
HOMEBREW_NO_AUTO_UPDATE = 1
# automatic
<F = $(notdir $<)
# environment
ITERM_PROFILE = Default
# environment
PAGER = less
# environment
LC_ALL = C
# makefile (from `Makefile', line 19)
B_SRCS = bonus/so_long_bonus.c bonus/moving/moving_utils_bonus.c bonus/moving/moving_bonus.c bonus/moving/anime.c bonus/parsing/add_line_bonus.c bonus/parsing/check_line_bonus.c bonus/parsing/check_name_bonus.c bonus/parsing/get_next_line_bonus.c bonus/parsing/get_next_line_utils_bonus.c bonus/parsing/parser_bonus.c bonus/rendering/put_img_bonus.c bonus/rendering/render_bonus.c bonus/so_long_utils_bonus.c
# environment
P9K_TTY = old
# automatic
^F = $(notdir $^)
# default
SUFFIXES := 
# makefile (from `Makefile', line 5)
FLAGS = -Wall -Wextra -Werror
# default
.INCLUDE_DIRS = /usr/local/include
# environment
MAKELEVEL := 0
# makefile
.DEFAULT_GOAL := all
# environment
LANG = C
# environment
TERM = xterm-256color
# environment
_P9K_TTY = /dev/ttys002
# environment
VSCODE_PID = 6247
# variable set hash-table stats:
# Load=96/1024=9%, Rehash=0, Collisions=16/128=12%

# Pattern-specific Variable Values

# No pattern-specific variable values.

# Directories

# moving (device 16777227, inode 2125996): 5 files, no impossibilities so far.
# . (device 16777227, inode 2112530): 21 files, no impossibilities.
# parsing (device 16777227, inode 2125997): 13 files, no impossibilities so far.
# rendering (device 16777227, inode 2125999): 5 files, no impossibilities so far.

# 44 files, no impossibilities in 4 directories.

# Implicit Rules

%.o: %.c so_long.h
#  commands to execute (from `Makefile', line 47):
	$(CC) $(FLAGS) -c $< -o $@
	

# 1 implicit rules, 0 (0.0%) terminal.

# Files

all: so_long
#  Command-line target.
#  Implicit rule search has been done.
#  File does not exist.
#  File has been updated.
#  Successfully updated.
# variable set hash-table stats:
# Load=0/32=0%, Rehash=0, Collisions=0/0=0%

moving/moving_utils.o: moving/moving_utils.c so_long.h
#  Implicit rule search has been done.
#  Implicit/static pattern stem: `moving/moving_utils'
#  Last modified 2022-02-05 17:45:35
#  File has been updated.
#  Successfully updated.
# variable set hash-table stats:
# Load=0/32=0%, Rehash=0, Collisions=0/0=0%
#  commands to execute (from `Makefile', line 47):
	$(CC) $(FLAGS) -c $< -o $@
	

rendering/put_img.o: rendering/put_img.c so_long.h
#  Implicit rule search has been done.
#  Implicit/static pattern stem: `rendering/put_img'
#  Last modified 2022-02-05 17:45:35
#  File has been updated.
#  Successfully updated.
# variable set hash-table stats:
# Load=0/32=0%, Rehash=0, Collisions=0/0=0%
#  commands to execute (from `Makefile', line 47):
	$(CC) $(FLAGS) -c $< -o $@
	

parsing/get_next_line_utils.o: parsing/get_next_line_utils.c so_long.h
#  Implicit rule search has been done.
#  Implicit/static pattern stem: `parsing/get_next_line_utils'
#  Last modified 2022-02-05 17:45:35
#  File has been updated.
#  Successfully updated.
# variable set hash-table stats:
# Load=0/32=0%, Rehash=0, Collisions=0/0=0%
#  commands to execute (from `Makefile', line 47):
	$(CC) $(FLAGS) -c $< -o $@
	

# Not a target:
bonus/moving/moving_utils_bonus.o:
#  Implicit rule search has not been done.
#  Modification time never checked.
#  File has not been updated.

# Not a target:
so_long.c:
#  Implicit rule search has been done.
#  Last modified 2022-01-17 15:53:39
#  File has been updated.
#  Successfully updated.
# variable set hash-table stats:
# Load=0/32=0%, Rehash=0, Collisions=0/0=0%

# Not a target:
.SUFFIXES:
#  Implicit rule search has not been done.
#  Modification time never checked.
#  File has not been updated.

# Not a target:
bonus/parsing/get_next_line_utils_bonus.o:
#  Implicit rule search has not been done.
#  Modification time never checked.
#  File has not been updated.

 
# Not a target:
Makefile:
#  Implicit rule search has been done.
#  Last modified 2022-01-18 16:40:49
#  File has been updated.
#  Successfully updated.
# variable set hash-table stats:
# Load=0/32=0%, Rehash=0, Collisions=0/0=0%

# Not a target:
bonus/so_long_bonus.o:
#  Implicit rule search has not been done.
#  Modification time never checked.
#  File has not been updated.

# Not a target:
so_long.h:
#  Implicit rule search has been done.
#  Last modified 2022-01-17 15:53:39
#  File has been updated.
#  Successfully updated.
# variable set hash-table stats:
# Load=0/32=0%, Rehash=0, Collisions=0/0=0%

parsing/parser.o: parsing/parser.c so_long.h
#  Implicit rule search has been done.
#  Implicit/static pattern stem: `parsing/parser'
#  Last modified 2022-02-05 17:45:35
#  File has been updated.
#  Successfully updated.
# variable set hash-table stats:
# Load=0/32=0%, Rehash=0, Collisions=0/0=0%
#  commands to execute (from `Makefile', line 47):
	$(CC) $(FLAGS) -c $< -o $@
	

# Not a target:
bonus/rendering/put_img_bonus.o:
#  Implicit rule search has not been done.
#  Modification time never checked.
#  File has not been updated.

parsing/check_line.o: parsing/check_line.c so_long.h
#  Implicit rule search has been done.
#  Implicit/static pattern stem: `parsing/check_line'
#  Last modified 2022-02-05 17:45:35
#  File has been updated.
#  Successfully updated.
# variable set hash-table stats:
# Load=0/32=0%, Rehash=0, Collisions=0/0=0%
#  commands to execute (from `Makefile', line 47):
	$(CC) $(FLAGS) -c $< -o $@
	

parsing/add_line.o: parsing/add_line.c so_long.h
#  Implicit rule search has been done.
#  Implicit/static pattern stem: `parsing/add_line'
#  Last modified 2022-02-05 17:45:35
#  File has been updated.
#  Successfully updated.
# variable set hash-table stats:
# Load=0/32=0%, Rehash=0, Collisions=0/0=0%
#  commands to execute (from `Makefile', line 47):
	$(CC) $(FLAGS) -c $< -o $@
	

bonus: so_long_bonus
#  Implicit rule search has not been done.
#  Modification time never checked.
#  File has not been updated.

# Not a target:
moving/moving_utils.c:
#  Implicit rule search has been done.
#  Last modified 2022-01-17 15:53:39
#  File has been updated.
#  Successfully updated.
# variable set hash-table stats:
# Load=0/32=0%, Rehash=0, Collisions=0/0=0%

fclean: clean
#  Implicit rule search has not been done.
#  Modification time never checked.
#  File has not been updated.
#  commands to execute (from `Makefile', line 53):
	rm -f $(NAME) $(B_NAME)
	

moving/moving.o: moving/moving.c so_long.h
#  Implicit rule search has been done.
#  Implicit/static pattern stem: `moving/moving'
#  Last modified 2022-02-05 17:45:35
#  File has been updated.
#  Successfully updated.
# variable set hash-table stats:
# Load=0/32=0%, Rehash=0, Collisions=0/0=0%
#  commands to execute (from `Makefile', line 47):
	$(CC) $(FLAGS) -c $< -o $@
	

# Not a target:
bonus/parsing/parser_bonus.o:
#  Implicit rule search has not been done.
#  Modification time never checked.
#  File has not been updated.

so_long_utils.o: so_long_utils.c so_long.h
#  Implicit rule search has been done.
#  Implicit/static pattern stem: `so_long_utils'
#  Last modified 2022-02-05 17:45:36
#  File has been updated.
#  Successfully updated.
# variable set hash-table stats:
# Load=0/32=0%, Rehash=0, Collisions=0/0=0%
#  commands to execute (from `Makefile', line 47):
	$(CC) $(FLAGS) -c $< -o $@
	

# Not a target:
rendering/put_img.c:
#  Implicit rule search has been done.
#  Last modified 2022-01-17 20:30:47
#  File has been updated.
#  Successfully updated.
# variable set hash-table stats:
# Load=0/32=0%, Rehash=0, Collisions=0/0=0%

# Not a target:
parsing/get_next_line_utils.c:
#  Implicit rule search has been done.
#  Last modified 2022-01-17 15:53:39
#  File has been updated.
#  Successfully updated.
# variable set hash-table stats:
# Load=0/32=0%, Rehash=0, Collisions=0/0=0%

parsing/get_next_line.o: parsing/get_next_line.c so_long.h
#  Implicit rule search has been done.
#  Implicit/static pattern stem: `parsing/get_next_line'
#  Last modified 2022-02-05 17:45:35
#  File has been updated.
#  Successfully updated.
# variable set hash-table stats:
# Load=0/32=0%, Rehash=0, Collisions=0/0=0%
#  commands to execute (from `Makefile', line 47):
	$(CC) $(FLAGS) -c $< -o $@
	

# Not a target:
bonus/moving/moving_bonus.o:
#  Implicit rule search has not been done.
#  Modification time never checked.
#  File has not been updated.

# Not a target:
bonus/parsing/check_line_bonus.o:
#  Implicit rule search has not been done.
#  Modification time never checked.
#  File has not been updated.

# Not a target:
bonus/parsing/add_line_bonus.o:
#  Implicit rule search has not been done.
#  Modification time never checked.
#  File has not been updated.

so_long_bonus: bonus/so_long_bonus.o bonus/moving/moving_utils_bonus.o bonus/moving/moving_bonus.o bonus/moving/anime.o bonus/parsing/add_line_bonus.o bonus/parsing/check_line_bonus.o bonus/parsing/check_name_bonus.o bonus/parsing/get_next_line_bonus.o bonus/parsing/get_next_line_utils_bonus.o bonus/parsing/parser_bonus.o bonus/rendering/put_img_bonus.o bonus/rendering/render_bonus.o bonus/so_long_utils_bonus.o
#  Implicit rule search has not been done.
#  Modification time never checked.
#  File has not been updated.
#  commands to execute (from `Makefile', line 43):
	$(CC) $(FLAGS) $^ -o $@ -framework AppKit -framework OpenGL -lmlx
	

# Not a target:
.DEFAULT:
#  Implicit rule search has not been done.
#  Modification time never checked.
#  File has not been updated.

parsing/check_name.o: parsing/check_name.c so_long.h
#  Implicit rule search has been done.
#  Implicit/static pattern stem: `parsing/check_name'
#  Last modified 2022-02-05 17:45:35
#  File has been updated.
#  Successfully updated.
# variable set hash-table stats:
# Load=0/32=0%, Rehash=0, Collisions=0/0=0%
#  commands to execute (from `Makefile', line 47):
	$(CC) $(FLAGS) -c $< -o $@
	

# Not a target:
bonus/parsing/get_next_line_bonus.o:
#  Implicit rule search has not been done.
#  Modification time never checked.
#  File has not been updated.

rendering/render.o: rendering/render.c so_long.h
#  Implicit rule search has been done.
#  Implicit/static pattern stem: `rendering/render'
#  Last modified 2022-02-05 17:45:35
#  File has been updated.
#  Successfully updated.
# variable set hash-table stats:
# Load=0/32=0%, Rehash=0, Collisions=0/0=0%
#  commands to execute (from `Makefile', line 47):
	$(CC) $(FLAGS) -c $< -o $@
	

# Not a target:
bonus/moving/anime.o:
#  Implicit rule search has not been done.
#  Modification time never checked.
#  File has not been updated.

re: fclean all
#  Implicit rule search has not been done.
#  Modification time never checked.
#  File has not been updated.

clean:
#  Implicit rule search has not been done.
#  Modification time never checked.
#  File has not been updated.
#  commands to execute (from `Makefile', line 50):
	rm -f $(M_OBJ) $(B_OBJ)
	

# Not a target:
parsing/parser.c:
#  Implicit rule search has been done.
#  Last modified 2022-01-17 15:53:39
#  File has been updated.
#  Successfully updated.
# variable set hash-table stats:
# Load=0/32=0%, Rehash=0, Collisions=0/0=0%

# Not a target:
bonus/parsing/check_name_bonus.o:
#  Implicit rule search has not been done.
#  Modification time never checked.
#  File has not been updated.

# Not a target:
parsing/check_line.c:
#  Implicit rule search has been done.
#  Last modified 2022-01-17 15:53:39
#  File has been updated.
#  Successfully updated.
# variable set hash-table stats:
# Load=0/32=0%, Rehash=0, Collisions=0/0=0%

# Not a target:
parsing/add_line.c:
#  Implicit rule search has been done.
#  Last modified 2022-01-17 15:53:39
#  File has been updated.
#  Successfully updated.
# variable set hash-table stats:
# Load=0/32=0%, Rehash=0, Collisions=0/0=0%

# Not a target:
moving/moving.c:
#  Implicit rule search has been done.
#  Last modified 2022-01-17 15:53:39
#  File has been updated.
#  Successfully updated.
# variable set hash-table stats:
# Load=0/32=0%, Rehash=0, Collisions=0/0=0%

# Not a target:
so_long_utils.c:
#  Implicit rule search has been done.
 
#  Last modified 2022-01-17 15:53:39
#  File has been updated.
#  Successfully updated.
# variable set hash-table stats:
# Load=0/32=0%, Rehash=0, Collisions=0/0=0%

so_long: so_long.o moving/moving_utils.o moving/moving.o parsing/add_line.o parsing/check_line.o parsing/check_name.o parsing/get_next_line.o parsing/get_next_line_utils.o parsing/parser.o rendering/put_img.o rendering/render.o so_long_utils.o
#  Implicit rule search has not been done.
#  Last modified 2022-02-05 17:45:36
#  File has been updated.
#  Successfully updated.
# variable set hash-table stats:
# Load=0/32=0%, Rehash=0, Collisions=0/0=0%
#  commands to execute (from `Makefile', line 45):
	$(CC) $(FLAGS) $^ -o $@ -framework AppKit -framework OpenGL -lmlx
	

so_long.o: so_long.c so_long.h
#  Implicit rule search has been done.
#  Implicit/static pattern stem: `so_long'
#  Last modified 2022-02-05 17:45:35
#  File has been updated.
#  Successfully updated.
# variable set hash-table stats:
# Load=0/32=0%, Rehash=0, Collisions=0/0=0%
#  commands to execute (from `Makefile', line 47):
	$(CC) $(FLAGS) -c $< -o $@
	

# Not a target:
parsing/get_next_line.c:
#  Implicit rule search has been done.
#  Last modified 2022-01-17 15:53:39
#  File has been updated.
#  Successfully updated.
# variable set hash-table stats:
# Load=0/32=0%, Rehash=0, Collisions=0/0=0%

# Not a target:
bonus/rendering/render_bonus.o:
#  Implicit rule search has not been done.
#  Modification time never checked.
#  File has not been updated.

# Not a target:
bonus/so_long_utils_bonus.o:
#  Implicit rule search has not been done.
#  Modification time never checked.
#  File has not been updated.

# Not a target:
parsing/check_name.c:
#  Implicit rule search has been done.
#  Last modified 2022-01-17 15:53:39
#  File has been updated.
#  Successfully updated.
# variable set hash-table stats:
# Load=0/32=0%, Rehash=0, Collisions=0/0=0%

# Not a target:
rendering/render.c:
#  Implicit rule search has been done.
#  Last modified 2022-01-17 18:35:46
#  File has been updated.
#  Successfully updated.
# variable set hash-table stats:
# Load=0/32=0%, Rehash=0, Collisions=0/0=0%

# files hash-table stats:
# Load=48/1024=5%, Rehash=0, Collisions=1/151=1%
# VPATH Search Paths

# No `vpath' search paths.

# No general (`VPATH' variable) search path.

# # of strings in strcache: 1
# # of strcache buffers: 1
# strcache size: total = 4096 / max = 4096 / min = 4096 / avg = 4096
# strcache free: total = 4087 / max = 4087 / min = 4087 / avg = 4087

# Finished Make data base on Sun Feb  6 14:15:04 2022

 
